{
  "stats": {
    "suites": 2,
    "tests": 5,
    "passes": 5,
    "pending": 0,
    "failures": 0,
    "start": "2025-07-25T17:26:43.753Z",
    "end": "2025-07-25T17:26:43.805Z",
    "duration": 52,
    "testsRegistered": 5,
    "passPercent": 100,
    "pendingPercent": 0,
    "other": 0,
    "hasOther": false,
    "skipped": 0,
    "hasSkipped": false
  },
  "results": [
    {
      "uuid": "c3c859a0-8ace-4006-b654-5531a8623d69",
      "title": "",
      "fullFile": "/home/runner/work/testApi/testApi/test/login.test.js",
      "file": "/test/login.test.js",
      "beforeHooks": [],
      "afterHooks": [],
      "tests": [],
      "suites": [
        {
          "uuid": "05224ccb-bad9-4718-ac2b-0cf8a3dabb33",
          "title": "Login",
          "fullFile": "/home/runner/work/testApi/testApi/test/login.test.js",
          "file": "/test/login.test.js",
          "beforeHooks": [],
          "afterHooks": [],
          "tests": [],
          "suites": [
            {
              "uuid": "44430a8a-5bc8-4f32-8acd-6870e970b485",
              "title": "POST /api/login",
              "fullFile": "/home/runner/work/testApi/testApi/test/login.test.js",
              "file": "/test/login.test.js",
              "beforeHooks": [],
              "afterHooks": [],
              "tests": [
                {
                  "title": "ao usar credenciais válidas com um token em string, deve retornar 200 e fazer login com sucesso",
                  "fullTitle": "Login POST /api/login ao usar credenciais válidas com um token em string, deve retornar 200 e fazer login com sucesso",
                  "timedOut": false,
                  "duration": 28,
                  "state": "passed",
                  "speed": "fast",
                  "pass": true,
                  "fail": false,
                  "pending": false,
                  "context": null,
                  "code": "const response = await request('http://localhost:3001')\n  .post('/api/login')\n  .set('Content-Type', 'application/json')\n  .send({\n    'username': 'marcelo.salmeron',\n    'password': '123456'\n  })\nexpect(response.status).to.equal(200);\nexpect(response.body.token).to.be.a('string');",
                  "err": {},
                  "uuid": "1bd30856-c7b6-4b97-961e-4a689628f9cb",
                  "parentUUID": "44430a8a-5bc8-4f32-8acd-6870e970b485",
                  "isHook": false,
                  "skipped": false
                },
                {
                  "title": "ao usar credenciais inválidas com um token em string, deve retornar 401 ou 423 se bloqueado",
                  "fullTitle": "Login POST /api/login ao usar credenciais inválidas com um token em string, deve retornar 401 ou 423 se bloqueado",
                  "timedOut": false,
                  "duration": 4,
                  "state": "passed",
                  "speed": "fast",
                  "pass": true,
                  "fail": false,
                  "pending": false,
                  "context": null,
                  "code": "const response = await request('http://localhost:3001')\n  .post('/api/login')\n  .set('Content-Type', 'application/json')\n  .send({\n    'username': 'Administrador',\n    'password': 'senhaerrada'\n  })\nexpect([401, 423]).to.include(response.status);",
                  "err": {},
                  "uuid": "f52315b4-ca8b-45bb-84f4-165653958eff",
                  "parentUUID": "44430a8a-5bc8-4f32-8acd-6870e970b485",
                  "isHook": false,
                  "skipped": false
                },
                {
                  "title": "ao realizar 3 tentativas, deve retornar 423 com o bloqueio da senha",
                  "fullTitle": "Login POST /api/login ao realizar 3 tentativas, deve retornar 423 com o bloqueio da senha",
                  "timedOut": false,
                  "duration": 9,
                  "state": "passed",
                  "speed": "fast",
                  "pass": true,
                  "fail": false,
                  "pending": false,
                  "context": null,
                  "code": "const url = 'http://localhost:3001'\nconst loginPayload = {\n  'username': 'admin',\n  'password': 'senhaerrada'\n}\nconst tentarLogin = async () => {\n  return await request(url)\n    .post('/api/login')\n    .set('Content-Type', 'application/json')\n    .send(loginPayload)\n}\nconst res1 = await tentarLogin();\nexpect([401, 423]).to.include(res1.status);\nconst res2 = await tentarLogin();\nexpect([401, 423]).to.include(res2.status);\nconst res3 = await tentarLogin();\nexpect(res3.status).to.equal(423);\nconst res4 = await tentarLogin();\nexpect(res4.status).to.equal(423);",
                  "err": {},
                  "uuid": "a9bff687-4783-4082-88c9-cdd54f2f928f",
                  "parentUUID": "44430a8a-5bc8-4f32-8acd-6870e970b485",
                  "isHook": false,
                  "skipped": false
                },
                {
                  "title": "Esqueci minha senha - deve retornar 200 e mensagem de sucesso ao enviar e-mail válido",
                  "fullTitle": "Login POST /api/login Esqueci minha senha - deve retornar 200 e mensagem de sucesso ao enviar e-mail válido",
                  "timedOut": false,
                  "duration": 3,
                  "state": "passed",
                  "speed": "fast",
                  "pass": true,
                  "fail": false,
                  "pending": false,
                  "context": null,
                  "code": "const response = await request('http://localhost:3001')\n  .post('/api/forgot-password')\n  .set('Content-Type', 'application/json')\n  .send({\n    email: 'usuario@teste.com'\n  });\nexpect(response.status).to.equal(200);\nexpect(response.body).to.have.property('success').that.is.a('boolean');\nexpect(response.body).to.have.property('message').that.is.a('string');\nexpect(response.body.success).to.be.true;\nexpect(response.body.message).to.match(/email.*enviado/i);",
                  "err": {},
                  "uuid": "356a615f-d670-4e65-a29c-e822806847ea",
                  "parentUUID": "44430a8a-5bc8-4f32-8acd-6870e970b485",
                  "isHook": false,
                  "skipped": false
                },
                {
                  "title": "Esqueci minha senha - deve retornar 400 ao enviar e-mail inválido",
                  "fullTitle": "Login POST /api/login Esqueci minha senha - deve retornar 400 ao enviar e-mail inválido",
                  "timedOut": false,
                  "duration": 2,
                  "state": "passed",
                  "speed": "fast",
                  "pass": true,
                  "fail": false,
                  "pending": false,
                  "context": null,
                  "code": "const response = await request('http://localhost:3001')\n  .post('/api/forgot-password')\n  .set('Content-Type', 'application/json')\n  .send({\n    email: 'emailinvalido'\n  });\nexpect(response.status).to.equal(400);\nexpect(response.body).to.have.property('success').that.is.a('boolean');\nexpect(response.body).to.have.property('message').that.is.a('string');\nexpect(response.body.success).to.be.false;\nexpect(response.body.message).to.match(/email.*inválido/i);",
                  "err": {},
                  "uuid": "21796d11-fe7d-4827-8d37-6d7b1995e8d0",
                  "parentUUID": "44430a8a-5bc8-4f32-8acd-6870e970b485",
                  "isHook": false,
                  "skipped": false
                }
              ],
              "suites": [],
              "passes": [
                "1bd30856-c7b6-4b97-961e-4a689628f9cb",
                "f52315b4-ca8b-45bb-84f4-165653958eff",
                "a9bff687-4783-4082-88c9-cdd54f2f928f",
                "356a615f-d670-4e65-a29c-e822806847ea",
                "21796d11-fe7d-4827-8d37-6d7b1995e8d0"
              ],
              "failures": [],
              "pending": [],
              "skipped": [],
              "duration": 46,
              "root": false,
              "rootEmpty": false,
              "_timeout": 20000
            }
          ],
          "passes": [],
          "failures": [],
          "pending": [],
          "skipped": [],
          "duration": 0,
          "root": false,
          "rootEmpty": false,
          "_timeout": 20000
        }
      ],
      "passes": [],
      "failures": [],
      "pending": [],
      "skipped": [],
      "duration": 0,
      "root": true,
      "rootEmpty": true,
      "_timeout": 20000
    }
  ],
  "meta": {
    "mocha": {
      "version": "11.7.1"
    },
    "mochawesome": {
      "options": {
        "quiet": false,
        "reportFilename": "mochawesome",
        "saveHtml": true,
        "saveJson": true,
        "consoleReporter": "spec",
        "useInlineDiffs": false,
        "code": true
      },
      "version": "7.1.3"
    },
    "marge": {
      "options": null,
      "version": "6.2.0"
    }
  }
}