{
  "stats": {
    "suites": 2,
    "tests": 5,
    "passes": 5,
    "pending": 0,
    "failures": 0,
    "start": "2025-07-25T22:36:06.603Z",
    "end": "2025-07-25T22:36:06.663Z",
    "duration": 60,
    "testsRegistered": 5,
    "passPercent": 100,
    "pendingPercent": 0,
    "other": 0,
    "hasOther": false,
    "skipped": 0,
    "hasSkipped": false
  },
  "results": [
    {
      "uuid": "fb6ed62d-1d65-4a30-bfab-51eb5b339e9d",
      "title": "",
      "fullFile": "/home/runner/work/testApi/testApi/test/login.test.js",
      "file": "/test/login.test.js",
      "beforeHooks": [],
      "afterHooks": [],
      "tests": [],
      "suites": [
        {
          "uuid": "40965ed5-6032-4ac6-88ba-eea8bfda5747",
          "title": "Login",
          "fullFile": "/home/runner/work/testApi/testApi/test/login.test.js",
          "file": "/test/login.test.js",
          "beforeHooks": [],
          "afterHooks": [],
          "tests": [],
          "suites": [
            {
              "uuid": "5f269277-30f7-4f67-b3a6-94ac17bf08df",
              "title": "POST /api/login",
              "fullFile": "/home/runner/work/testApi/testApi/test/login.test.js",
              "file": "/test/login.test.js",
              "beforeHooks": [],
              "afterHooks": [],
              "tests": [
                {
                  "title": "ao usar credenciais válidas com um token em string, deve retornar 200 e fazer login com sucesso",
                  "fullTitle": "Login POST /api/login ao usar credenciais válidas com um token em string, deve retornar 200 e fazer login com sucesso",
                  "timedOut": false,
                  "duration": 30,
                  "state": "passed",
                  "speed": "fast",
                  "pass": true,
                  "fail": false,
                  "pending": false,
                  "context": null,
                  "code": "const response = await request('http://localhost:3001')\n  .post('/api/login')\n  .set('Content-Type', 'application/json')\n  .send({\n    'username': 'marcelo.salmeron',\n    'password': '123456'\n  })\nexpect(response.status).to.equal(200);\nexpect(response.body.token).to.be.a('string');",
                  "err": {},
                  "uuid": "0766bb76-5c0f-4fc1-b9dc-8d0cd1d4dc5f",
                  "parentUUID": "5f269277-30f7-4f67-b3a6-94ac17bf08df",
                  "isHook": false,
                  "skipped": false
                },
                {
                  "title": "ao usar credenciais inválidas com um token em string, deve retornar 401 ou 423 se bloqueado",
                  "fullTitle": "Login POST /api/login ao usar credenciais inválidas com um token em string, deve retornar 401 ou 423 se bloqueado",
                  "timedOut": false,
                  "duration": 5,
                  "state": "passed",
                  "speed": "fast",
                  "pass": true,
                  "fail": false,
                  "pending": false,
                  "context": null,
                  "code": "const response = await request('http://localhost:3001')\n  .post('/api/login')\n  .set('Content-Type', 'application/json')\n  .send({\n    'username': 'Administrador',\n    'password': 'senhaerrada'\n  })\nexpect([401, 423]).to.include(response.status);",
                  "err": {},
                  "uuid": "dcc5d4ab-9439-4440-a1bd-854d7ddc10f2",
                  "parentUUID": "5f269277-30f7-4f67-b3a6-94ac17bf08df",
                  "isHook": false,
                  "skipped": false
                },
                {
                  "title": "ao realizar 3 tentativas, deve retornar 423 com o bloqueio da senha",
                  "fullTitle": "Login POST /api/login ao realizar 3 tentativas, deve retornar 423 com o bloqueio da senha",
                  "timedOut": false,
                  "duration": 11,
                  "state": "passed",
                  "speed": "fast",
                  "pass": true,
                  "fail": false,
                  "pending": false,
                  "context": null,
                  "code": "const url = 'http://localhost:3001'\nconst loginPayload = {\n  'username': 'admin',\n  'password': 'senhaerrada'\n}\nconst tentarLogin = async () => {\n  return await request(url)\n    .post('/api/login')\n    .set('Content-Type', 'application/json')\n    .send(loginPayload)\n}\nconst res1 = await tentarLogin();\nexpect([401, 423]).to.include(res1.status);\nconst res2 = await tentarLogin();\nexpect([401, 423]).to.include(res2.status);\nconst res3 = await tentarLogin();\nexpect(res3.status).to.equal(423);\nconst res4 = await tentarLogin();\nexpect(res4.status).to.equal(423);",
                  "err": {},
                  "uuid": "bf4f96a4-dc03-492f-aa53-02a1f373c4ec",
                  "parentUUID": "5f269277-30f7-4f67-b3a6-94ac17bf08df",
                  "isHook": false,
                  "skipped": false
                },
                {
                  "title": "Esqueci minha senha - deve retornar 200 e mensagem de sucesso ao enviar e-mail válido",
                  "fullTitle": "Login POST /api/login Esqueci minha senha - deve retornar 200 e mensagem de sucesso ao enviar e-mail válido",
                  "timedOut": false,
                  "duration": 4,
                  "state": "passed",
                  "speed": "fast",
                  "pass": true,
                  "fail": false,
                  "pending": false,
                  "context": null,
                  "code": "const response = await request('http://localhost:3001')\n  .post('/api/forgot-password')\n  .set('Content-Type', 'application/json')\n  .send({\n    email: 'usuario@teste.com'\n  });\nexpect(response.status).to.equal(200);\nexpect(response.body).to.have.property('success').that.is.a('boolean');\nexpect(response.body).to.have.property('message').that.is.a('string');\nexpect(response.body.success).to.be.true;\nexpect(response.body.message).to.match(/email.*enviado/i);",
                  "err": {},
                  "uuid": "70a6f186-4072-4782-ab42-7c4f509cc2da",
                  "parentUUID": "5f269277-30f7-4f67-b3a6-94ac17bf08df",
                  "isHook": false,
                  "skipped": false
                },
                {
                  "title": "Esqueci minha senha - deve retornar 400 ao enviar e-mail inválido",
                  "fullTitle": "Login POST /api/login Esqueci minha senha - deve retornar 400 ao enviar e-mail inválido",
                  "timedOut": false,
                  "duration": 3,
                  "state": "passed",
                  "speed": "fast",
                  "pass": true,
                  "fail": false,
                  "pending": false,
                  "context": null,
                  "code": "const response = await request('http://localhost:3001')\n  .post('/api/forgot-password')\n  .set('Content-Type', 'application/json')\n  .send({\n    email: 'emailinvalido'\n  });\nexpect(response.status).to.equal(400);\nexpect(response.body).to.have.property('success').that.is.a('boolean');\nexpect(response.body).to.have.property('message').that.is.a('string');\nexpect(response.body.success).to.be.false;\nexpect(response.body.message).to.match(/email.*inválido/i);",
                  "err": {},
                  "uuid": "f7e60f23-f130-4bb0-9862-735f087638f4",
                  "parentUUID": "5f269277-30f7-4f67-b3a6-94ac17bf08df",
                  "isHook": false,
                  "skipped": false
                }
              ],
              "suites": [],
              "passes": [
                "0766bb76-5c0f-4fc1-b9dc-8d0cd1d4dc5f",
                "dcc5d4ab-9439-4440-a1bd-854d7ddc10f2",
                "bf4f96a4-dc03-492f-aa53-02a1f373c4ec",
                "70a6f186-4072-4782-ab42-7c4f509cc2da",
                "f7e60f23-f130-4bb0-9862-735f087638f4"
              ],
              "failures": [],
              "pending": [],
              "skipped": [],
              "duration": 53,
              "root": false,
              "rootEmpty": false,
              "_timeout": 20000
            }
          ],
          "passes": [],
          "failures": [],
          "pending": [],
          "skipped": [],
          "duration": 0,
          "root": false,
          "rootEmpty": false,
          "_timeout": 20000
        }
      ],
      "passes": [],
      "failures": [],
      "pending": [],
      "skipped": [],
      "duration": 0,
      "root": true,
      "rootEmpty": true,
      "_timeout": 20000
    }
  ],
  "meta": {
    "mocha": {
      "version": "11.7.1"
    },
    "mochawesome": {
      "options": {
        "quiet": false,
        "reportFilename": "mochawesome",
        "saveHtml": true,
        "saveJson": true,
        "consoleReporter": "spec",
        "useInlineDiffs": false,
        "code": true
      },
      "version": "7.1.3"
    },
    "marge": {
      "options": null,
      "version": "6.2.0"
    }
  }
}